{
  "stats": {
    "suites": 1,
    "tests": 1,
    "passes": 1,
    "pending": 0,
    "failures": 0,
    "start": "2025-01-13T07:47:53.820Z",
    "end": "2025-01-13T07:47:56.710Z",
    "duration": 2890,
    "testsRegistered": 1,
    "passPercent": 100,
    "pendingPercent": 0,
    "other": 0,
    "hasOther": false,
    "skipped": 0,
    "hasSkipped": false
  },
  "results": [
    {
      "uuid": "36634822-57c1-4251-aa6f-04c3ae273ad6",
      "title": "",
      "fullFile": "cypress\\e2e\\mouseaction.cy.js",
      "file": "cypress\\e2e\\mouseaction.cy.js",
      "beforeHooks": [],
      "afterHooks": [],
      "tests": [],
      "suites": [
        {
          "uuid": "c0aca5e8-c55a-48b8-b3d5-738f6bece89f",
          "title": "perform mouse action",
          "fullFile": "",
          "file": "",
          "beforeHooks": [],
          "afterHooks": [],
          "tests": [
            {
              "title": "doubleclick action",
              "fullTitle": "perform mouse action doubleclick action",
              "timedOut": null,
              "duration": 2816,
              "state": "passed",
              "speed": "fast",
              "pass": true,
              "fail": false,
              "pending": false,
              "context": null,
              "code": "cy.visit(\"/\");\ncy.get(\"#actions\").invoke(\"removeAttr\", \"target\").click();\ncy.get(\"#double-click\").dblclick();\ncy.get(\".div-double-click.double\").should('have.css', 'background-color', 'rgb(147, 203, 90)');",
              "err": {},
              "uuid": "3d6eaa96-5b31-444c-b7f2-fb830a113883",
              "parentUUID": "c0aca5e8-c55a-48b8-b3d5-738f6bece89f",
              "isHook": false,
              "skipped": false
            }
          ],
          "suites": [],
          "passes": [
            "3d6eaa96-5b31-444c-b7f2-fb830a113883"
          ],
          "failures": [],
          "pending": [],
          "skipped": [],
          "duration": 2816,
          "root": false,
          "rootEmpty": false,
          "_timeout": 2000
        }
      ],
      "passes": [],
      "failures": [],
      "pending": [],
      "skipped": [],
      "duration": 0,
      "root": true,
      "rootEmpty": true,
      "_timeout": 2000
    }
  ],
  "meta": {
    "mocha": {
      "version": "7.0.1"
    },
    "mochawesome": {
      "options": {
        "quiet": false,
        "reportFilename": "mochawesome",
        "saveHtml": false,
        "saveJson": true,
        "consoleReporter": "spec",
        "useInlineDiffs": false,
        "code": true
      },
      "version": "7.1.3"
    },
    "marge": {
      "options": {
        "charts": true,
        "reportPageTitle": "gitpractice report",
        "embeddedScreenshots": true,
        "inlineAssets": true,
        "saveAllAttempts": false,
        "videoOnFailOnly": true,
        "overwrite": false,
        "html": false,
        "json": true,
        "reportDir": "cypress\\reports\\html\\.jsons"
      },
      "version": "6.2.0"
    }
  }
}