{
  "stats": {
    "suites": 1,
    "tests": 1,
    "passes": 1,
    "pending": 0,
    "failures": 0,
    "start": "2025-01-13T07:47:59.627Z",
    "end": "2025-01-13T07:48:02.716Z",
    "duration": 3089,
    "testsRegistered": 1,
    "passPercent": 100,
    "pendingPercent": 0,
    "other": 0,
    "hasOther": false,
    "skipped": 0,
    "hasSkipped": false
  },
  "results": [
    {
      "uuid": "a392be3e-5094-4361-914c-627464c2beb6",
      "title": "",
      "fullFile": "cypress\\e2e\\popupalert.cy.js",
      "file": "cypress\\e2e\\popupalert.cy.js",
      "beforeHooks": [],
      "afterHooks": [],
      "tests": [],
      "suites": [
        {
          "uuid": "34aafec0-d25e-4183-b3c9-d38040a13c71",
          "title": "handle the alerts",
          "fullFile": "",
          "file": "",
          "beforeHooks": [],
          "afterHooks": [],
          "tests": [
            {
              "title": "handle the popup",
              "fullTitle": "handle the alerts handle the popup",
              "timedOut": null,
              "duration": 3046,
              "state": "passed",
              "speed": "fast",
              "pass": true,
              "fail": false,
              "pending": false,
              "context": null,
              "code": "cy.visit(\"/\");\ncy.get(\"#popup-alerts\").invoke(\"removeAttr\", \"target\").click();\ncy.window().then(win => {\n  cy.stub(win, 'prompt').returns('It’s that Easy');\n});\ncy.get('#button2').click();",
              "err": {},
              "uuid": "b3385b2f-8b4c-482c-9558-afe4395ec5fa",
              "parentUUID": "34aafec0-d25e-4183-b3c9-d38040a13c71",
              "isHook": false,
              "skipped": false
            }
          ],
          "suites": [],
          "passes": [
            "b3385b2f-8b4c-482c-9558-afe4395ec5fa"
          ],
          "failures": [],
          "pending": [],
          "skipped": [],
          "duration": 3046,
          "root": false,
          "rootEmpty": false,
          "_timeout": 2000
        }
      ],
      "passes": [],
      "failures": [],
      "pending": [],
      "skipped": [],
      "duration": 0,
      "root": true,
      "rootEmpty": true,
      "_timeout": 2000
    }
  ],
  "meta": {
    "mocha": {
      "version": "7.0.1"
    },
    "mochawesome": {
      "options": {
        "quiet": false,
        "reportFilename": "mochawesome",
        "saveHtml": false,
        "saveJson": true,
        "consoleReporter": "spec",
        "useInlineDiffs": false,
        "code": true
      },
      "version": "7.1.3"
    },
    "marge": {
      "options": {
        "charts": true,
        "reportPageTitle": "gitpractice report",
        "embeddedScreenshots": true,
        "inlineAssets": true,
        "saveAllAttempts": false,
        "videoOnFailOnly": true,
        "overwrite": false,
        "html": false,
        "json": true,
        "reportDir": "cypress\\reports\\html\\.jsons"
      },
      "version": "6.2.0"
    }
  }
}