{
  "stats": {
    "suites": 1,
    "tests": 1,
    "passes": 1,
    "pending": 0,
    "failures": 0,
    "start": "2025-01-13T07:47:46.961Z",
    "end": "2025-01-13T07:47:50.942Z",
    "duration": 3981,
    "testsRegistered": 1,
    "passPercent": 100,
    "pendingPercent": 0,
    "other": 0,
    "hasOther": false,
    "skipped": 0,
    "hasSkipped": false
  },
  "results": [
    {
      "uuid": "d530ec28-dcf1-48b4-be65-28c2999994b4",
      "title": "",
      "fullFile": "cypress\\e2e\\iframe.cy.js",
      "file": "cypress\\e2e\\iframe.cy.js",
      "beforeHooks": [],
      "afterHooks": [],
      "tests": [],
      "suites": [
        {
          "uuid": "9190cc86-828d-4e7c-8fcf-14d71730551b",
          "title": "handling iframe",
          "fullFile": "",
          "file": "",
          "beforeHooks": [],
          "afterHooks": [],
          "tests": [
            {
              "title": "iframe",
              "fullTitle": "handling iframe iframe",
              "timedOut": null,
              "duration": 3902,
              "state": "passed",
              "speed": "fast",
              "pass": true,
              "fail": false,
              "pending": false,
              "context": null,
              "code": "cy.visit(\"/\");\ncy.get(\"#iframe\").invoke(\"removeAttr\", \"target\").click();\ncy.get(\"#frame\").then(frameinfo => {\n  let framebody = frameinfo.contents().find(\"body\");\n  cy.wrap(framebody).as('inframe');\n  cy.get('@inframe').find(\".sub-heading\").eq(1).should('have.text', \"GREAT SERVICE!\");\n});",
              "err": {},
              "uuid": "15676dc2-70e7-4ebf-99ee-6224bc84357a",
              "parentUUID": "9190cc86-828d-4e7c-8fcf-14d71730551b",
              "isHook": false,
              "skipped": false
            }
          ],
          "suites": [],
          "passes": [
            "15676dc2-70e7-4ebf-99ee-6224bc84357a"
          ],
          "failures": [],
          "pending": [],
          "skipped": [],
          "duration": 3902,
          "root": false,
          "rootEmpty": false,
          "_timeout": 2000
        }
      ],
      "passes": [],
      "failures": [],
      "pending": [],
      "skipped": [],
      "duration": 0,
      "root": true,
      "rootEmpty": true,
      "_timeout": 2000
    }
  ],
  "meta": {
    "mocha": {
      "version": "7.0.1"
    },
    "mochawesome": {
      "options": {
        "quiet": false,
        "reportFilename": "mochawesome",
        "saveHtml": false,
        "saveJson": true,
        "consoleReporter": "spec",
        "useInlineDiffs": false,
        "code": true
      },
      "version": "7.1.3"
    },
    "marge": {
      "options": {
        "charts": true,
        "reportPageTitle": "gitpractice report",
        "embeddedScreenshots": true,
        "inlineAssets": true,
        "saveAllAttempts": false,
        "videoOnFailOnly": true,
        "overwrite": false,
        "html": false,
        "json": true,
        "reportDir": "cypress\\reports\\html\\.jsons"
      },
      "version": "6.2.0"
    }
  }
}