{
  "stats": {
    "suites": 1,
    "tests": 1,
    "passes": 1,
    "pending": 0,
    "failures": 0,
    "start": "2025-01-13T07:11:08.433Z",
    "end": "2025-01-13T07:11:11.655Z",
    "duration": 3222,
    "testsRegistered": 1,
    "passPercent": 100,
    "pendingPercent": 0,
    "other": 0,
    "hasOther": false,
    "skipped": 0,
    "hasSkipped": false
  },
  "results": [
    {
      "uuid": "6a41c58f-2d85-45dc-a55a-6708832711b6",
      "title": "",
      "fullFile": "cypress\\e2e\\datatable.cy.js",
      "file": "cypress\\e2e\\datatable.cy.js",
      "beforeHooks": [],
      "afterHooks": [],
      "tests": [],
      "suites": [
        {
          "uuid": "329f114c-7c82-4794-895f-e8a3314f6122",
          "title": "Datatable",
          "fullFile": "",
          "file": "",
          "beforeHooks": [],
          "afterHooks": [],
          "tests": [
            {
              "title": "fetching datatable",
              "fullTitle": "Datatable fetching datatable",
              "timedOut": null,
              "duration": 3093,
              "state": "passed",
              "speed": "fast",
              "pass": true,
              "fail": false,
              "pending": false,
              "context": null,
              "code": "cy.visit(\"/\");\ncy.get(\"#data-table\").invoke(\"removeAttr\", \"target\").click();\ncy.get(\"#thumbnail-1 tr\").each(userdetails => {\n  const ufname = userdetails.find(\"td:nth-child(1)\").text();\n  console.log(ufname);\n  const ulname = userdetails.find(\"td:nth-child(2)\").text();\n  console.log(ulname);\n  if (ufname == 'Jason' && ulname == 'Jones') {\n    const uage = userdetails.find(\"td:nth-child(3)\").text();\n    console.log(`who's first name is ${ufname} & lname is ${ulname} his age is ${uage} `);\n    expect(uage).to.equal(\"27\");\n  }\n});",
              "err": {},
              "uuid": "503e8c92-f418-46fd-8d0b-e1e2d71998dd",
              "parentUUID": "329f114c-7c82-4794-895f-e8a3314f6122",
              "isHook": false,
              "skipped": false
            }
          ],
          "suites": [],
          "passes": [
            "503e8c92-f418-46fd-8d0b-e1e2d71998dd"
          ],
          "failures": [],
          "pending": [],
          "skipped": [],
          "duration": 3093,
          "root": false,
          "rootEmpty": false,
          "_timeout": 2000
        }
      ],
      "passes": [],
      "failures": [],
      "pending": [],
      "skipped": [],
      "duration": 0,
      "root": true,
      "rootEmpty": true,
      "_timeout": 2000
    }
  ],
  "meta": {
    "mocha": {
      "version": "7.0.1"
    },
    "mochawesome": {
      "options": {
        "quiet": false,
        "reportFilename": "mochawesome",
        "saveHtml": false,
        "saveJson": true,
        "consoleReporter": "spec",
        "useInlineDiffs": false,
        "code": true
      },
      "version": "7.1.3"
    },
    "marge": {
      "options": {
        "charts": true,
        "reportPageTitle": "gitpractice report",
        "embeddedScreenshots": true,
        "inlineAssets": true,
        "saveAllAttempts": false,
        "videoOnFailOnly": true,
        "overwrite": false,
        "html": false,
        "json": true,
        "reportDir": "cypress\\reports\\html\\.jsons"
      },
      "version": "6.2.0"
    }
  }
}