{
  "stats": {
    "suites": 1,
    "tests": 2,
    "passes": 2,
    "pending": 0,
    "failures": 0,
    "start": "2025-01-13T07:11:49.568Z",
    "end": "2025-01-13T07:11:49.814Z",
    "duration": 246,
    "testsRegistered": 2,
    "passPercent": 100,
    "pendingPercent": 0,
    "other": 0,
    "hasOther": false,
    "skipped": 0,
    "hasSkipped": false
  },
  "results": [
    {
      "uuid": "596c089e-b046-4137-bdfa-d70c8b2b766f",
      "title": "",
      "fullFile": "cypress\\e2e\\read.cy.js",
      "file": "cypress\\e2e\\read.cy.js",
      "beforeHooks": [],
      "afterHooks": [],
      "tests": [],
      "suites": [
        {
          "uuid": "33802002-16a2-4076-bb7e-35fa9ef7972e",
          "title": "reading the file",
          "fullFile": "",
          "file": "",
          "beforeHooks": [],
          "afterHooks": [],
          "tests": [
            {
              "title": "read json file",
              "fullTitle": "reading the file read json file",
              "timedOut": null,
              "duration": 135,
              "state": "passed",
              "speed": "fast",
              "pass": true,
              "fail": false,
              "pending": false,
              "context": null,
              "code": "cy.readFile(\"./cypress/fixtures/writefile1.json\").should(\"have.property\", \"userpwd\");\ncy.readFile(\"./cypress/fixtures/writefile1.json\").then(user => {\n  cy.log(user);\n});",
              "err": {},
              "uuid": "e6d3a6ea-2c60-4ebf-b8a9-f587b1b76b8f",
              "parentUUID": "33802002-16a2-4076-bb7e-35fa9ef7972e",
              "isHook": false,
              "skipped": false
            },
            {
              "title": "read txt file",
              "fullTitle": "reading the file read txt file",
              "timedOut": null,
              "duration": 38,
              "state": "passed",
              "speed": "fast",
              "pass": true,
              "fail": false,
              "pending": false,
              "context": null,
              "code": "cy.readFile(\"./cypress/fixtures/testdata.txt\").then(user => {\n  cy.log(user);\n});",
              "err": {},
              "uuid": "7dabc6f2-49d9-47b6-bcd0-b2949bb0b100",
              "parentUUID": "33802002-16a2-4076-bb7e-35fa9ef7972e",
              "isHook": false,
              "skipped": false
            }
          ],
          "suites": [],
          "passes": [
            "e6d3a6ea-2c60-4ebf-b8a9-f587b1b76b8f",
            "7dabc6f2-49d9-47b6-bcd0-b2949bb0b100"
          ],
          "failures": [],
          "pending": [],
          "skipped": [],
          "duration": 173,
          "root": false,
          "rootEmpty": false,
          "_timeout": 2000
        }
      ],
      "passes": [],
      "failures": [],
      "pending": [],
      "skipped": [],
      "duration": 0,
      "root": true,
      "rootEmpty": true,
      "_timeout": 2000
    }
  ],
  "meta": {
    "mocha": {
      "version": "7.0.1"
    },
    "mochawesome": {
      "options": {
        "quiet": false,
        "reportFilename": "mochawesome",
        "saveHtml": false,
        "saveJson": true,
        "consoleReporter": "spec",
        "useInlineDiffs": false,
        "code": true
      },
      "version": "7.1.3"
    },
    "marge": {
      "options": {
        "charts": true,
        "reportPageTitle": "gitpractice report",
        "embeddedScreenshots": true,
        "inlineAssets": true,
        "saveAllAttempts": false,
        "videoOnFailOnly": true,
        "overwrite": false,
        "html": false,
        "json": true,
        "reportDir": "cypress\\reports\\html\\.jsons"
      },
      "version": "6.2.0"
    }
  }
}