{
  "stats": {
    "suites": 1,
    "tests": 1,
    "passes": 1,
    "pending": 1,
    "failures": -1,
    "start": "2025-01-13T07:11:14.448Z",
    "end": "2025-01-13T07:11:18.307Z",
    "duration": 3859,
    "testsRegistered": 2,
    "passPercent": 100,
    "pendingPercent": 50,
    "other": 1,
    "hasOther": true,
    "skipped": 0,
    "hasSkipped": false
  },
  "results": [
    {
      "uuid": "9b3df8ce-f6e4-4ccf-8c59-ceee782bb158",
      "title": "",
      "fullFile": "cypress\\e2e\\dropdown.cy.js",
      "file": "cypress\\e2e\\dropdown.cy.js",
      "beforeHooks": [],
      "afterHooks": [],
      "tests": [],
      "suites": [
        {
          "uuid": "1aa38c2f-c951-4d41-bee5-f81f97956067",
          "title": "handling dropdown & checkboxes",
          "fullFile": "",
          "file": "",
          "beforeHooks": [],
          "afterHooks": [],
          "tests": [
            {
              "title": "handling drop down",
              "fullTitle": "handling dropdown & checkboxes handling drop down",
              "timedOut": null,
              "duration": 0,
              "state": "pending",
              "speed": null,
              "pass": false,
              "fail": false,
              "pending": true,
              "context": null,
              "code": "cy.visit(\"/\");\ncy.get(\"#dropdown-checkboxes-radiobuttons\").invoke(\"removeAttr\", \"target\").click();\ncy.get(\"#dropdowm-menu-1\").select(\"Python\").should('have.value', \"python\");\ncy.get(\"#dropdowm-menu-2\").select(\"testng\").should('have.value', \"testng\");\ncy.get(\"#dropdowm-menu-3\").select(1).should('not.be.NaN');",
              "err": {},
              "uuid": "2cbc188f-343e-46ec-9b8e-d0a89f3be452",
              "parentUUID": "1aa38c2f-c951-4d41-bee5-f81f97956067",
              "isHook": false,
              "skipped": false
            },
            {
              "title": "handling the checkbox",
              "fullTitle": "handling dropdown & checkboxes handling the checkbox",
              "timedOut": null,
              "duration": 3783,
              "state": "passed",
              "speed": "fast",
              "pass": true,
              "fail": false,
              "pending": false,
              "context": null,
              "code": "cy.visit(\"/\");\ncy.get(\"#dropdown-checkboxes-radiobuttons\").invoke(\"removeAttr\", \"target\").click();\ncy.get(\"div input\").eq(1).check();\n// cy.get(\"div input\").each((ele)=>{\n//    let val=ele.text()\n//     cy.log(val)\n//     if(val==='yellow'){\n//         cy.wrap(ele).click()\n//     }\n// })\ncy.get('input[value=\"cabbage\"]').should('be.disabled');\ncy.get('input[value=\"lettuce\"]').should('be.enabled').check();",
              "err": {},
              "uuid": "73f019e8-bd9f-4ce9-bc04-f982df756dd0",
              "parentUUID": "1aa38c2f-c951-4d41-bee5-f81f97956067",
              "isHook": false,
              "skipped": false
            }
          ],
          "suites": [],
          "passes": [
            "73f019e8-bd9f-4ce9-bc04-f982df756dd0"
          ],
          "failures": [],
          "pending": [
            "2cbc188f-343e-46ec-9b8e-d0a89f3be452"
          ],
          "skipped": [],
          "duration": 3783,
          "root": false,
          "rootEmpty": false,
          "_timeout": 2000
        }
      ],
      "passes": [],
      "failures": [],
      "pending": [],
      "skipped": [],
      "duration": 0,
      "root": true,
      "rootEmpty": true,
      "_timeout": 2000
    }
  ],
  "meta": {
    "mocha": {
      "version": "7.0.1"
    },
    "mochawesome": {
      "options": {
        "quiet": false,
        "reportFilename": "mochawesome",
        "saveHtml": false,
        "saveJson": true,
        "consoleReporter": "spec",
        "useInlineDiffs": false,
        "code": true
      },
      "version": "7.1.3"
    },
    "marge": {
      "options": {
        "charts": true,
        "reportPageTitle": "gitpractice report",
        "embeddedScreenshots": true,
        "inlineAssets": true,
        "saveAllAttempts": false,
        "videoOnFailOnly": true,
        "overwrite": false,
        "html": false,
        "json": true,
        "reportDir": "cypress\\reports\\html\\.jsons"
      },
      "version": "6.2.0"
    }
  }
}