{
  "stats": {
    "suites": 1,
    "tests": 1,
    "passes": 1,
    "pending": 0,
    "failures": 0,
    "start": "2025-01-13T07:11:21.108Z",
    "end": "2025-01-13T07:11:26.709Z",
    "duration": 5601,
    "testsRegistered": 1,
    "passPercent": 100,
    "pendingPercent": 0,
    "other": 0,
    "hasOther": false,
    "skipped": 0,
    "hasSkipped": false
  },
  "results": [
    {
      "uuid": "09eb4b90-ffc1-422b-8b92-dabb00e04705",
      "title": "",
      "fullFile": "cypress\\e2e\\exceldata.cy.js",
      "file": "cypress\\e2e\\exceldata.cy.js",
      "beforeHooks": [],
      "afterHooks": [],
      "tests": [],
      "suites": [
        {
          "uuid": "9d9ca305-1405-41f5-9d9b-20dd721e00ed",
          "title": "read the data from excel",
          "fullFile": "",
          "file": "",
          "beforeHooks": [],
          "afterHooks": [],
          "tests": [
            {
              "title": "read from excel",
              "fullTitle": "read the data from excel read from excel",
              "timedOut": null,
              "duration": 5552,
              "state": "passed",
              "speed": "medium",
              "pass": true,
              "fail": false,
              "pending": false,
              "context": null,
              "code": "cy.task('excelToJson', filePath).then(readdata => {\n  cy.visit(\"https://www.webdriveruniversity.com/\");\n  cy.get('#contact-us').invoke('removeAttr', 'target').click();\n  cy.get('input[name=\"first_name\"]').type(readdata.Sheet1[3].A);\n  cy.get('input[name=\"last_name\"]').type(readdata.Sheet1[3].B);\n  cy.get('input[name=\"email\"]').type(readdata.Sheet1[3].C);\n  cy.get('textarea[name=\"message\"]').type(readdata.Sheet1[3].D);\n  cy.get('input[value=\"SUBMIT\"]').click();\n});",
              "err": {},
              "uuid": "85785393-5703-4c14-8ab3-6ddbc743a269",
              "parentUUID": "9d9ca305-1405-41f5-9d9b-20dd721e00ed",
              "isHook": false,
              "skipped": false
            }
          ],
          "suites": [],
          "passes": [
            "85785393-5703-4c14-8ab3-6ddbc743a269"
          ],
          "failures": [],
          "pending": [],
          "skipped": [],
          "duration": 5552,
          "root": false,
          "rootEmpty": false,
          "_timeout": 2000
        }
      ],
      "passes": [],
      "failures": [],
      "pending": [],
      "skipped": [],
      "duration": 0,
      "root": true,
      "rootEmpty": true,
      "_timeout": 2000
    }
  ],
  "meta": {
    "mocha": {
      "version": "7.0.1"
    },
    "mochawesome": {
      "options": {
        "quiet": false,
        "reportFilename": "mochawesome",
        "saveHtml": false,
        "saveJson": true,
        "consoleReporter": "spec",
        "useInlineDiffs": false,
        "code": true
      },
      "version": "7.1.3"
    },
    "marge": {
      "options": {
        "charts": true,
        "reportPageTitle": "gitpractice report",
        "embeddedScreenshots": true,
        "inlineAssets": true,
        "saveAllAttempts": false,
        "videoOnFailOnly": true,
        "overwrite": false,
        "html": false,
        "json": true,
        "reportDir": "cypress\\reports\\html\\.jsons"
      },
      "version": "6.2.0"
    }
  }
}