{
  "stats": {
    "suites": 1,
    "tests": 1,
    "passes": 1,
    "pending": 0,
    "failures": 0,
    "start": "2025-01-13T07:26:42.327Z",
    "end": "2025-01-13T07:26:42.404Z",
    "duration": 77,
    "testsRegistered": 1,
    "passPercent": 100,
    "pendingPercent": 0,
    "other": 0,
    "hasOther": false,
    "skipped": 0,
    "hasSkipped": false
  },
  "results": [
    {
      "uuid": "380eeb43-d978-4c52-b019-4f337faaf88f",
      "title": "",
      "fullFile": "cypress\\e2e\\printline.cy.js",
      "file": "cypress\\e2e\\printline.cy.js",
      "beforeHooks": [],
      "afterHooks": [],
      "tests": [],
      "suites": [
        {
          "uuid": "294f6046-4e31-47cd-af21-25a05d293438",
          "title": "print hello",
          "fullFile": "",
          "file": "",
          "beforeHooks": [],
          "afterHooks": [],
          "tests": [
            {
              "title": "print hello",
              "fullTitle": "print hello print hello",
              "timedOut": null,
              "duration": 42,
              "state": "passed",
              "speed": "fast",
              "pass": true,
              "fail": false,
              "pending": false,
              "context": null,
              "code": "cy.log(\"hello\");",
              "err": {},
              "uuid": "7ef4d0dd-90a2-4009-9849-2ab9e69d2227",
              "parentUUID": "294f6046-4e31-47cd-af21-25a05d293438",
              "isHook": false,
              "skipped": false
            }
          ],
          "suites": [],
          "passes": [
            "7ef4d0dd-90a2-4009-9849-2ab9e69d2227"
          ],
          "failures": [],
          "pending": [],
          "skipped": [],
          "duration": 42,
          "root": false,
          "rootEmpty": false,
          "_timeout": 2000
        }
      ],
      "passes": [],
      "failures": [],
      "pending": [],
      "skipped": [],
      "duration": 0,
      "root": true,
      "rootEmpty": true,
      "_timeout": 2000
    }
  ],
  "meta": {
    "mocha": {
      "version": "7.0.1"
    },
    "mochawesome": {
      "options": {
        "quiet": false,
        "reportFilename": "mochawesome",
        "saveHtml": false,
        "saveJson": true,
        "consoleReporter": "spec",
        "useInlineDiffs": false,
        "code": true
      },
      "version": "7.1.3"
    },
    "marge": {
      "options": {
        "charts": true,
        "reportPageTitle": "gitpractice report",
        "embeddedScreenshots": true,
        "inlineAssets": true,
        "saveAllAttempts": false,
        "videoOnFailOnly": true,
        "overwrite": false,
        "html": false,
        "json": true,
        "reportDir": "cypress\\reports\\html\\.jsons"
      },
      "version": "6.2.0"
    }
  }
}