{
  "stats": {
    "suites": 1,
    "tests": 2,
    "passes": 2,
    "pending": 0,
    "failures": 0,
    "start": "2025-01-13T07:48:09.333Z",
    "end": "2025-01-13T07:48:09.569Z",
    "duration": 236,
    "testsRegistered": 2,
    "passPercent": 100,
    "pendingPercent": 0,
    "other": 0,
    "hasOther": false,
    "skipped": 0,
    "hasSkipped": false
  },
  "results": [
    {
      "uuid": "199f777b-741a-425f-abe8-253828ca1e23",
      "title": "",
      "fullFile": "cypress\\e2e\\read.cy.js",
      "file": "cypress\\e2e\\read.cy.js",
      "beforeHooks": [],
      "afterHooks": [],
      "tests": [],
      "suites": [
        {
          "uuid": "45abe190-f831-4edc-b3c7-a6139bf4aeee",
          "title": "reading the file",
          "fullFile": "",
          "file": "",
          "beforeHooks": [],
          "afterHooks": [],
          "tests": [
            {
              "title": "read json file",
              "fullTitle": "reading the file read json file",
              "timedOut": null,
              "duration": 116,
              "state": "passed",
              "speed": "fast",
              "pass": true,
              "fail": false,
              "pending": false,
              "context": null,
              "code": "cy.readFile(\"./cypress/fixtures/writefile1.json\").should(\"have.property\", \"userpwd\");\ncy.readFile(\"./cypress/fixtures/writefile1.json\").then(user => {\n  cy.log(user);\n});",
              "err": {},
              "uuid": "28f2062a-949c-4d6f-bb22-6f4c76ad21d5",
              "parentUUID": "45abe190-f831-4edc-b3c7-a6139bf4aeee",
              "isHook": false,
              "skipped": false
            },
            {
              "title": "read txt file",
              "fullTitle": "reading the file read txt file",
              "timedOut": null,
              "duration": 39,
              "state": "passed",
              "speed": "fast",
              "pass": true,
              "fail": false,
              "pending": false,
              "context": null,
              "code": "cy.readFile(\"./cypress/fixtures/testdata.txt\").then(user => {\n  cy.log(user);\n});",
              "err": {},
              "uuid": "8461990d-5f8f-4bfa-9d4e-7b63f307c68b",
              "parentUUID": "45abe190-f831-4edc-b3c7-a6139bf4aeee",
              "isHook": false,
              "skipped": false
            }
          ],
          "suites": [],
          "passes": [
            "28f2062a-949c-4d6f-bb22-6f4c76ad21d5",
            "8461990d-5f8f-4bfa-9d4e-7b63f307c68b"
          ],
          "failures": [],
          "pending": [],
          "skipped": [],
          "duration": 155,
          "root": false,
          "rootEmpty": false,
          "_timeout": 2000
        }
      ],
      "passes": [],
      "failures": [],
      "pending": [],
      "skipped": [],
      "duration": 0,
      "root": true,
      "rootEmpty": true,
      "_timeout": 2000
    }
  ],
  "meta": {
    "mocha": {
      "version": "7.0.1"
    },
    "mochawesome": {
      "options": {
        "quiet": false,
        "reportFilename": "mochawesome",
        "saveHtml": false,
        "saveJson": true,
        "consoleReporter": "spec",
        "useInlineDiffs": false,
        "code": true
      },
      "version": "7.1.3"
    },
    "marge": {
      "options": {
        "charts": true,
        "reportPageTitle": "gitpractice report",
        "embeddedScreenshots": true,
        "inlineAssets": true,
        "saveAllAttempts": false,
        "videoOnFailOnly": true,
        "overwrite": false,
        "html": false,
        "json": true,
        "reportDir": "cypress\\reports\\html\\.jsons"
      },
      "version": "6.2.0"
    }
  }
}